Using pre-set license
Built from '2020.2/release' branch; Version is '2020.2.2f1 (068178b99f32) revision 426360'; Using compiler version '192528614'; Build Type 'Release'
OS: 'Windows 10 Home Single Language; OS build 18363.1316; Version 1909; 64bit' Language: 'pt' Physical Memory: 8084 MB
BatchMode: 1, IsHumanControllingUs: 0, StartBugReporterOnCrash: 0, Is64bit: 1, IsPro: 0

 COMMAND LINE ARGUMENTS:
C:\Program Files\Unity\Hub\Editor\2020.2.2f1\Editor\Unity.exe
-adb2
-batchMode
-noUpm
-name
AssetImportWorker0
-projectPath
C:/Users/ltdc0/LostFound
-logFile
Logs/AssetImportWorker0.log
-srvPort
57779
Successfully changed project path to: C:/Users/ltdc0/LostFound
C:/Users/ltdc0/LostFound
Using Asset Import Pipeline V2.
Refreshing native plugins compatible for Editor in 40.47 ms, found 1 plugins.
Preloading 0 native plugins for Editor in 0.00 ms.
Initialize engine version: 2020.2.2f1 (068178b99f32)
[Subsystems] Discovering subsystems at path C:/Program Files/Unity/Hub/Editor/2020.2.2f1/Editor/Data/Resources/UnitySubsystems
[Subsystems] Discovering subsystems at path C:/Users/ltdc0/LostFound/Assets
GfxDevice: creating device client; threaded=0
Direct3D:
    Version:  Direct3D 11.0 [level 11.1]
    Renderer: Intel(R) UHD Graphics 620 (ID=0x3ea0)
    Vendor:   
    VRAM:     4042 MB
    Driver:   27.20.100.9168
Initialize mono
Mono path[0] = 'C:/Program Files/Unity/Hub/Editor/2020.2.2f1/Editor/Data/Managed'
Mono path[1] = 'C:/Program Files/Unity/Hub/Editor/2020.2.2f1/Editor/Data/MonoBleedingEdge/lib/mono/unityjit'
Mono config path = 'C:/Program Files/Unity/Hub/Editor/2020.2.2f1/Editor/Data/MonoBleedingEdge/etc'
Using monoOptions --debugger-agent=transport=dt_socket,embedding=1,server=y,suspend=n,address=127.0.0.1:56520
Begin MonoManager ReloadAssembly
Registering precompiled unity dll's ...
Register platform support module: C:/Program Files/Unity/Hub/Editor/2020.2.2f1/Editor/Data/PlaybackEngines/WindowsStandaloneSupport/UnityEditor.WindowsStandalone.Extensions.dll
Registered in 0.001780 seconds.
Native extension for WindowsStandalone target not found
Refreshing native plugins compatible for Editor in 44.90 ms, found 1 plugins.
Preloading 0 native plugins for Editor in 0.00 ms.
Invoked RoslynAnalysisRunner static constructor.
RoslynAnalysisRunner will not be running.
RoslynAnalysisRunner has terminated.
Mono: successfully reloaded assembly
- Completed reload, in  1.149 seconds
Platform modules already initialized, skipping
Registering precompiled user dll's ...
Registered in 0.001063 seconds.
Begin MonoManager ReloadAssembly
Native extension for WindowsStandalone target not found
Refreshing native plugins compatible for Editor in 43.61 ms, found 1 plugins.
Preloading 0 native plugins for Editor in 0.00 ms.
Invoked RoslynAnalysisRunner static constructor.
RoslynAnalysisRunner will not be running.
RoslynAnalysisRunner has terminated.
Mono: successfully reloaded assembly
- Completed reload, in  1.008 seconds
Platform modules already initialized, skipping
========================================================================
Worker process is ready to serve import requests
Launched and connected shader compiler UnityShaderCompiler.exe after 0.06 seconds
Refreshing native plugins compatible for Editor in 0.34 ms, found 1 plugins.
Preloading 0 native plugins for Editor in 0.00 ms.
Unloading 1814 Unused Serialized files (Serialized files now loaded: 0)
System memory in use before: 86.1 MB.
System memory in use after: 85.6 MB.

Unloading 32 unused Assets to reduce memory usage. Loaded Objects now: 2248.
Total: 2.295000 ms (FindLiveObjects: 0.190000 ms CreateObjectMapping: 0.061100 ms MarkObjects: 1.745500 ms  DeleteObjects: 0.297600 ms)

========================================================================
Received Import Request.
  path: Assets/Sprites/fala.png
  artifactKey: Guid(6d5ac3ac62238084fa2dc1db65ef60a9) Importer(815301076,1909f56bfc062723c751e8b465ee728b)
Start importing Assets/Sprites/fala.png using Guid(6d5ac3ac62238084fa2dc1db65ef60a9) Importer(815301076,1909f56bfc062723c751e8b465ee728b)  -> (artifact id: 'd765f21cc72714898a22d9dcdbf543a9') in 0.333002 seconds
  Import took 0.376648 seconds .

========================================================================
Received Import Request.
  Time since last request: 0.243373 seconds.
  path: Assets/Sprites/fala.png
  artifactKey: Guid(6d5ac3ac62238084fa2dc1db65ef60a9) Importer(815301076,1909f56bfc062723c751e8b465ee728b)
Start importing Assets/Sprites/fala.png using Guid(6d5ac3ac62238084fa2dc1db65ef60a9) Importer(815301076,1909f56bfc062723c751e8b465ee728b)  -> (artifact id: 'd765f21cc72714898a22d9dcdbf543a9') in 0.009119 seconds
  Import took 0.013342 seconds .

========================================================================
Received Import Request.
  Time since last request: 43.538152 seconds.
  path: Assets/Sprites/fala.png
  artifactKey: Guid(6d5ac3ac62238084fa2dc1db65ef60a9) Importer(815301076,1909f56bfc062723c751e8b465ee728b)
Start importing Assets/Sprites/fala.png using Guid(6d5ac3ac62238084fa2dc1db65ef60a9) Importer(815301076,1909f56bfc062723c751e8b465ee728b)  -> (artifact id: '6da8b2140739684e2ff659424493673c') in 0.011035 seconds
  Import took 0.091831 seconds .

========================================================================
Received Prepare
Registering precompiled user dll's ...
Registered in 0.001218 seconds.
Begin MonoManager ReloadAssembly
Native extension for WindowsStandalone target not found
Refreshing native plugins compatible for Editor in 0.43 ms, found 1 plugins.
Preloading 0 native plugins for Editor in 0.00 ms.
Invoked RoslynAnalysisRunner static constructor.
RoslynAnalysisRunner will not be running.
RoslynAnalysisRunner has terminated.
Mono: successfully reloaded assembly
- Completed reload, in  0.930 seconds
Platform modules already initialized, skipping
Refreshing native plugins compatible for Editor in 0.51 ms, found 1 plugins.
Preloading 0 native plugins for Editor in 0.00 ms.
Unloading 1804 Unused Serialized files (Serialized files now loaded: 0)
System memory in use before: 88.9 MB.
System memory in use after: 88.4 MB.

Unloading 20 unused Assets to reduce memory usage. Loaded Objects now: 2257.
Total: 2.255600 ms (FindLiveObjects: 0.180400 ms CreateObjectMapping: 0.066200 ms MarkObjects: 1.738000 ms  DeleteObjects: 0.270300 ms)

========================================================================
Received Import Request.
  Time since last request: 223.201705 seconds.
  path: Assets/Scenes/SampleScene.unity
  artifactKey: Guid(2cda990e2423bbf4892e6590ba056729) Importer(815301076,1909f56bfc062723c751e8b465ee728b)
Start importing Assets/Scenes/SampleScene.unity using Guid(2cda990e2423bbf4892e6590ba056729) Importer(815301076,1909f56bfc062723c751e8b465ee728b)  -> (artifact id: 'fbf0687d622e565b547af949f96eba60') in 0.015003 seconds
  Import took 0.038077 seconds .

========================================================================
Received Prepare
Registering precompiled user dll's ...
Registered in 0.001045 seconds.
Begin MonoManager ReloadAssembly
Native extension for WindowsStandalone target not found
Refreshing native plugins compatible for Editor in 0.43 ms, found 1 plugins.
Preloading 0 native plugins for Editor in 0.00 ms.
Invoked RoslynAnalysisRunner static constructor.
RoslynAnalysisRunner will not be running.
RoslynAnalysisRunner has terminated.
Mono: successfully reloaded assembly
- Completed reload, in  0.881 seconds
Platform modules already initialized, skipping
Refreshing native plugins compatible for Editor in 0.52 ms, found 1 plugins.
Preloading 0 native plugins for Editor in 0.00 ms.
Unloading 1804 Unused Serialized files (Serialized files now loaded: 0)
System memory in use before: 89.0 MB.
System memory in use after: 88.5 MB.

Unloading 20 unused Assets to reduce memory usage. Loaded Objects now: 2260.
Total: 2.638600 ms (FindLiveObjects: 0.249200 ms CreateObjectMapping: 0.076100 ms MarkObjects: 1.998600 ms  DeleteObjects: 0.313400 ms)

========================================================================
Received Import Request.
  Time since last request: 396.340689 seconds.
  path: Assets/YuseiMagic-Regular.ttf
  artifactKey: Guid(85f4eaf4498b0f242a74d0124632c9d9) Importer(815301076,1909f56bfc062723c751e8b465ee728b)
Start importing Assets/YuseiMagic-Regular.ttf using Guid(85f4eaf4498b0f242a74d0124632c9d9) Importer(815301076,1909f56bfc062723c751e8b465ee728b)  -> (artifact id: 'dca52268a0e5f81ab618ac240bd4d88d') in 0.126395 seconds
  Import took 0.159180 seconds .

========================================================================
Received Import Request.
  Time since last request: 28.027614 seconds.
  path: Assets/YuseiMagic-Regular SDF.asset
  artifactKey: Guid(395d1b5e2422a504fa95877277a04086) Importer(815301076,1909f56bfc062723c751e8b465ee728b)
Start importing Assets/YuseiMagic-Regular SDF.asset using Guid(395d1b5e2422a504fa95877277a04086) Importer(815301076,1909f56bfc062723c751e8b465ee728b)  -> (artifact id: '098212ab5c34a9b88d0bb96e2df50887') in 0.105688 seconds
  Import took 0.145875 seconds .

========================================================================
Received Import Request.
  Time since last request: 7.498678 seconds.
  path: Assets/Scenes/Final.unity
  artifactKey: Guid(a68905f77e1ab064bb23df23782faf10) Importer(815301076,1909f56bfc062723c751e8b465ee728b)
Start importing Assets/Scenes/Final.unity using Guid(a68905f77e1ab064bb23df23782faf10) Importer(815301076,1909f56bfc062723c751e8b465ee728b)  -> (artifact id: '0438f14dee41374d826117cc05717bc6') in 0.057955 seconds
  Import took 0.072347 seconds .

========================================================================
Received Import Request.
  Time since last request: 41.664381 seconds.
  path: Assets/Scripts/ScoreManager.cs
  artifactKey: Guid(deec20355bca782439bd182d6174651b) Importer(815301076,1909f56bfc062723c751e8b465ee728b)
Start importing Assets/Scripts/ScoreManager.cs using Guid(deec20355bca782439bd182d6174651b) Importer(815301076,1909f56bfc062723c751e8b465ee728b)  -> (artifact id: 'f5eaf2a6d368e0963f31acb22bff60f4') in 0.158526 seconds
  Import took 0.180846 seconds .

========================================================================
Received Prepare
Registering precompiled user dll's ...
Registered in 0.001318 seconds.
Begin MonoManager ReloadAssembly
Native extension for WindowsStandalone target not found
Refreshing native plugins compatible for Editor in 0.56 ms, found 1 plugins.
Preloading 0 native plugins for Editor in 0.00 ms.
Invoked RoslynAnalysisRunner static constructor.
RoslynAnalysisRunner will not be running.
RoslynAnalysisRunner has terminated.
Mono: successfully reloaded assembly
- Completed reload, in  0.888 seconds
Platform modules already initialized, skipping
Refreshing native plugins compatible for Editor in 0.46 ms, found 1 plugins.
Preloading 0 native plugins for Editor in 0.00 ms.
Unloading 1804 Unused Serialized files (Serialized files now loaded: 0)
System memory in use before: 89.6 MB.
System memory in use after: 89.2 MB.

Unloading 18 unused Assets to reduce memory usage. Loaded Objects now: 2307.
Total: 3.278900 ms (FindLiveObjects: 0.237100 ms CreateObjectMapping: 0.068600 ms MarkObjects: 2.668100 ms  DeleteObjects: 0.304000 ms)

========================================================================
Received Import Request.
  Time since last request: 21.247219 seconds.
  path: Assets/Scripts/ScoreManager.cs
  artifactKey: Guid(deec20355bca782439bd182d6174651b) Importer(815301076,1909f56bfc062723c751e8b465ee728b)
Start importing Assets/Scripts/ScoreManager.cs using Guid(deec20355bca782439bd182d6174651b) Importer(815301076,1909f56bfc062723c751e8b465ee728b)  -> (artifact id: 'b670d8f4ee3c8b5003db96c339ce1276') in 0.004406 seconds
  Import took 0.094402 seconds .

========================================================================
Received Prepare
Registering precompiled user dll's ...
Registered in 0.001038 seconds.
Begin MonoManager ReloadAssembly
Native extension for WindowsStandalone target not found
Refreshing native plugins compatible for Editor in 0.34 ms, found 1 plugins.
Preloading 0 native plugins for Editor in 0.00 ms.
Invoked RoslynAnalysisRunner static constructor.
RoslynAnalysisRunner will not be running.
RoslynAnalysisRunner has terminated.
Mono: successfully reloaded assembly
- Completed reload, in  0.906 seconds
Platform modules already initialized, skipping
Refreshing native plugins compatible for Editor in 0.52 ms, found 1 plugins.
Preloading 0 native plugins for Editor in 0.00 ms.
Unloading 1802 Unused Serialized files (Serialized files now loaded: 0)
System memory in use before: 89.5 MB.
System memory in use after: 89.1 MB.

Unloading 18 unused Assets to reduce memory usage. Loaded Objects now: 2310.
Total: 2.390300 ms (FindLiveObjects: 0.175200 ms CreateObjectMapping: 0.059000 ms MarkObjects: 1.865700 ms  DeleteObjects: 0.289400 ms)

========================================================================
Received Prepare
Registering precompiled user dll's ...
Registered in 0.001102 seconds.
Begin MonoManager ReloadAssembly
Native extension for WindowsStandalone target not found
Refreshing native plugins compatible for Editor in 0.46 ms, found 1 plugins.
Preloading 0 native plugins for Editor in 0.00 ms.
Invoked RoslynAnalysisRunner static constructor.
RoslynAnalysisRunner will not be running.
RoslynAnalysisRunner has terminated.
Mono: successfully reloaded assembly
- Completed reload, in  0.859 seconds
Platform modules already initialized, skipping
Refreshing native plugins compatible for Editor in 0.47 ms, found 1 plugins.
Preloading 0 native plugins for Editor in 0.00 ms.
Unloading 1802 Unused Serialized files (Serialized files now loaded: 0)
System memory in use before: 89.6 MB.
System memory in use after: 89.2 MB.

Unloading 18 unused Assets to reduce memory usage. Loaded Objects now: 2313.
Total: 3.062400 ms (FindLiveObjects: 0.229300 ms CreateObjectMapping: 0.058900 ms MarkObjects: 2.483800 ms  DeleteObjects: 0.289200 ms)

========================================================================
Received Prepare
Registering precompiled user dll's ...
Registered in 0.001032 seconds.
Begin MonoManager ReloadAssembly
Native extension for WindowsStandalone target not found
Refreshing native plugins compatible for Editor in 0.37 ms, found 1 plugins.
Preloading 0 native plugins for Editor in 0.00 ms.
Invoked RoslynAnalysisRunner static constructor.
RoslynAnalysisRunner will not be running.
RoslynAnalysisRunner has terminated.
Mono: successfully reloaded assembly
- Completed reload, in  0.971 seconds
Platform modules already initialized, skipping
Refreshing native plugins compatible for Editor in 0.39 ms, found 1 plugins.
Preloading 0 native plugins for Editor in 0.00 ms.
Unloading 1802 Unused Serialized files (Serialized files now loaded: 0)
System memory in use before: 89.7 MB.
System memory in use after: 89.3 MB.

Unloading 18 unused Assets to reduce memory usage. Loaded Objects now: 2316.
Total: 2.784200 ms (FindLiveObjects: 0.219800 ms CreateObjectMapping: 0.054700 ms MarkObjects: 2.129300 ms  DeleteObjects: 0.379200 ms)

========================================================================
Received Prepare
Registering precompiled user dll's ...
Registered in 0.000998 seconds.
Begin MonoManager ReloadAssembly
Native extension for WindowsStandalone target not found
Refreshing native plugins compatible for Editor in 0.49 ms, found 1 plugins.
Preloading 0 native plugins for Editor in 0.00 ms.
Invoked RoslynAnalysisRunner static constructor.
RoslynAnalysisRunner will not be running.
RoslynAnalysisRunner has terminated.
Mono: successfully reloaded assembly
- Completed reload, in  0.881 seconds
Platform modules already initialized, skipping
Refreshing native plugins compatible for Editor in 0.38 ms, found 1 plugins.
Preloading 0 native plugins for Editor in 0.00 ms.
Unloading 1802 Unused Serialized files (Serialized files now loaded: 0)
System memory in use before: 89.8 MB.
System memory in use after: 89.4 MB.

Unloading 18 unused Assets to reduce memory usage. Loaded Objects now: 2319.
Total: 3.048300 ms (FindLiveObjects: 0.222400 ms CreateObjectMapping: 0.055500 ms MarkObjects: 2.503700 ms  DeleteObjects: 0.265400 ms)

========================================================================
Received Prepare
Registering precompiled user dll's ...
Registered in 0.001080 seconds.
Begin MonoManager ReloadAssembly
Native extension for WindowsStandalone target not found
Refreshing native plugins compatible for Editor in 0.36 ms, found 1 plugins.
Preloading 0 native plugins for Editor in 0.00 ms.
Invoked RoslynAnalysisRunner static constructor.
RoslynAnalysisRunner will not be running.
RoslynAnalysisRunner has terminated.
Mono: successfully reloaded assembly
- Completed reload, in  0.899 seconds
Platform modules already initialized, skipping
Refreshing native plugins compatible for Editor in 0.45 ms, found 1 plugins.
Preloading 0 native plugins for Editor in 0.00 ms.
Unloading 1802 Unused Serialized files (Serialized files now loaded: 0)
System memory in use before: 89.9 MB.
System memory in use after: 89.5 MB.

Unloading 18 unused Assets to reduce memory usage. Loaded Objects now: 2322.
Total: 2.089200 ms (FindLiveObjects: 0.185400 ms CreateObjectMapping: 0.064700 ms MarkObjects: 1.571600 ms  DeleteObjects: 0.266500 ms)

========================================================================
Received Prepare
Registering precompiled user dll's ...
Registered in 0.001189 seconds.
Begin MonoManager ReloadAssembly
Native extension for WindowsStandalone target not found
Refreshing native plugins compatible for Editor in 0.46 ms, found 1 plugins.
Preloading 0 native plugins for Editor in 0.00 ms.
Invoked RoslynAnalysisRunner static constructor.
RoslynAnalysisRunner will not be running.
RoslynAnalysisRunner has terminated.
Mono: successfully reloaded assembly
- Completed reload, in  0.860 seconds
Platform modules already initialized, skipping
Refreshing native plugins compatible for Editor in 0.36 ms, found 1 plugins.
Preloading 0 native plugins for Editor in 0.00 ms.
Unloading 1802 Unused Serialized files (Serialized files now loaded: 0)
System memory in use before: 90.0 MB.
System memory in use after: 89.6 MB.

Unloading 18 unused Assets to reduce memory usage. Loaded Objects now: 2325.
Total: 2.270200 ms (FindLiveObjects: 0.214500 ms CreateObjectMapping: 0.067300 ms MarkObjects: 1.713400 ms  DeleteObjects: 0.273800 ms)

========================================================================
Received Prepare
Registering precompiled user dll's ...
Registered in 0.001009 seconds.
Begin MonoManager ReloadAssembly
Native extension for WindowsStandalone target not found
Refreshing native plugins compatible for Editor in 0.46 ms, found 1 plugins.
Preloading 0 native plugins for Editor in 0.00 ms.
Invoked RoslynAnalysisRunner static constructor.
RoslynAnalysisRunner will not be running.
RoslynAnalysisRunner has terminated.
Mono: successfully reloaded assembly
- Completed reload, in  0.856 seconds
Platform modules already initialized, skipping
Refreshing native plugins compatible for Editor in 0.39 ms, found 1 plugins.
Preloading 0 native plugins for Editor in 0.00 ms.
Unloading 1802 Unused Serialized files (Serialized files now loaded: 0)
System memory in use before: 90.1 MB.
System memory in use after: 89.7 MB.

Unloading 18 unused Assets to reduce memory usage. Loaded Objects now: 2328.
Total: 2.126200 ms (FindLiveObjects: 0.190900 ms CreateObjectMapping: 0.053000 ms MarkObjects: 1.613900 ms  DeleteObjects: 0.267400 ms)

========================================================================
Received Prepare
Registering precompiled user dll's ...
Registered in 0.001887 seconds.
Begin MonoManager ReloadAssembly
Native extension for WindowsStandalone target not found
Refreshing native plugins compatible for Editor in 0.38 ms, found 1 plugins.
Preloading 0 native plugins for Editor in 0.00 ms.
Invoked RoslynAnalysisRunner static constructor.
RoslynAnalysisRunner will not be running.
RoslynAnalysisRunner has terminated.
Mono: successfully reloaded assembly
- Completed reload, in  0.843 seconds
Platform modules already initialized, skipping
Refreshing native plugins compatible for Editor in 0.38 ms, found 1 plugins.
Preloading 0 native plugins for Editor in 0.00 ms.
Unloading 1802 Unused Serialized files (Serialized files now loaded: 0)
System memory in use before: 90.2 MB.
System memory in use after: 89.9 MB.

Unloading 18 unused Assets to reduce memory usage. Loaded Objects now: 2331.
Total: 3.858800 ms (FindLiveObjects: 0.212000 ms CreateObjectMapping: 0.065800 ms MarkObjects: 3.169400 ms  DeleteObjects: 0.410400 ms)

========================================================================
Received Import Request.
  Time since last request: 348.854396 seconds.
  path: Assets/Scenes/DayTime.unity
  artifactKey: Guid(edc9320e4a5170a4aba9b874ee332155) Importer(815301076,1909f56bfc062723c751e8b465ee728b)
Start importing Assets/Scenes/DayTime.unity using Guid(edc9320e4a5170a4aba9b874ee332155) Importer(815301076,1909f56bfc062723c751e8b465ee728b)  -> (artifact id: '941db95183e80c6f01c37eeb18d81ae3') in 0.018008 seconds
  Import took 0.022367 seconds .

========================================================================
Received Prepare
Registering precompiled user dll's ...
Registered in 0.000982 seconds.
Begin MonoManager ReloadAssembly
Native extension for WindowsStandalone target not found
Refreshing native plugins compatible for Editor in 0.35 ms, found 1 plugins.
Preloading 0 native plugins for Editor in 0.00 ms.
Invoked RoslynAnalysisRunner static constructor.
RoslynAnalysisRunner will not be running.
RoslynAnalysisRunner has terminated.
Mono: successfully reloaded assembly
- Completed reload, in  0.882 seconds
Platform modules already initialized, skipping
Refreshing native plugins compatible for Editor in 0.43 ms, found 1 plugins.
Preloading 0 native plugins for Editor in 0.00 ms.
Unloading 1802 Unused Serialized files (Serialized files now loaded: 0)
System memory in use before: 90.3 MB.
System memory in use after: 90.0 MB.

Unloading 18 unused Assets to reduce memory usage. Loaded Objects now: 2334.
Total: 2.677200 ms (FindLiveObjects: 0.285900 ms CreateObjectMapping: 0.079600 ms MarkObjects: 2.015200 ms  DeleteObjects: 0.295500 ms)

========================================================================
Received Import Request.
  Time since last request: 257.417596 seconds.
  path: Assets/Animations/Transition.controller
  artifactKey: Guid(510cbcda88ba8fb408b811495a58f47e) Importer(815301076,1909f56bfc062723c751e8b465ee728b)
Start importing Assets/Animations/Transition.controller using Guid(510cbcda88ba8fb408b811495a58f47e) Importer(815301076,1909f56bfc062723c751e8b465ee728b)  -> (artifact id: 'd315e9f2f82596290ab0d5e37c1e303f') in 0.021955 seconds
  Import took 0.038172 seconds .

========================================================================
Received Import Request.
  Time since last request: 0.002133 seconds.
  path: Assets/Animations/Transition.controller
  artifactKey: Guid(510cbcda88ba8fb408b811495a58f47e) Importer(815301076,1909f56bfc062723c751e8b465ee728b)
Start importing Assets/Animations/Transition.controller using Guid(510cbcda88ba8fb408b811495a58f47e) Importer(815301076,1909f56bfc062723c751e8b465ee728b)  -> (artifact id: 'd315e9f2f82596290ab0d5e37c1e303f') in 0.003801 seconds
  Import took 0.008956 seconds .

========================================================================
Received Prepare
Registering precompiled user dll's ...
Registered in 0.002405 seconds.
Begin MonoManager ReloadAssembly
Native extension for WindowsStandalone target not found
Refreshing native plugins compatible for Editor in 0.55 ms, found 1 plugins.
Preloading 0 native plugins for Editor in 0.00 ms.
Invoked RoslynAnalysisRunner static constructor.
RoslynAnalysisRunner will not be running.
RoslynAnalysisRunner has terminated.
Mono: successfully reloaded assembly
- Completed reload, in  1.596 seconds
Platform modules already initialized, skipping
Refreshing native plugins compatible for Editor in 0.62 ms, found 1 plugins.
Preloading 0 native plugins for Editor in 0.00 ms.
Unloading 1802 Unused Serialized files (Serialized files now loaded: 0)
System memory in use before: 90.4 MB.
System memory in use after: 90.1 MB.

Unloading 18 unused Assets to reduce memory usage. Loaded Objects now: 2337.
Total: 3.408300 ms (FindLiveObjects: 0.310500 ms CreateObjectMapping: 0.131500 ms MarkObjects: 2.512000 ms  DeleteObjects: 0.452600 ms)

========================================================================
Received Prepare
Registering precompiled user dll's ...
Registered in 0.001193 seconds.
Begin MonoManager ReloadAssembly
Native extension for WindowsStandalone target not found
Refreshing native plugins compatible for Editor in 0.66 ms, found 1 plugins.
Preloading 0 native plugins for Editor in 0.00 ms.
Invoked RoslynAnalysisRunner static constructor.
RoslynAnalysisRunner will not be running.
RoslynAnalysisRunner has terminated.
Mono: successfully reloaded assembly
- Completed reload, in  0.872 seconds
Platform modules already initialized, skipping
Refreshing native plugins compatible for Editor in 0.39 ms, found 1 plugins.
Preloading 0 native plugins for Editor in 0.00 ms.
Unloading 1802 Unused Serialized files (Serialized files now loaded: 0)
System memory in use before: 90.5 MB.
System memory in use after: 90.2 MB.

Unloading 18 unused Assets to reduce memory usage. Loaded Objects now: 2340.
Total: 3.029700 ms (FindLiveObjects: 0.297700 ms CreateObjectMapping: 0.188700 ms MarkObjects: 2.224000 ms  DeleteObjects: 0.318300 ms)

========================================================================
Received Prepare
Registering precompiled user dll's ...
Registered in 0.002069 seconds.
Begin MonoManager ReloadAssembly
Native extension for WindowsStandalone target not found
Refreshing native plugins compatible for Editor in 0.37 ms, found 1 plugins.
Preloading 0 native plugins for Editor in 0.00 ms.
Invoked RoslynAnalysisRunner static constructor.
RoslynAnalysisRunner will not be running.
RoslynAnalysisRunner has terminated.
Mono: successfully reloaded assembly
- Completed reload, in  0.934 seconds
Platform modules already initialized, skipping
Refreshing native plugins compatible for Editor in 0.44 ms, found 1 plugins.
Preloading 0 native plugins for Editor in 0.00 ms.
Unloading 1802 Unused Serialized files (Serialized files now loaded: 0)
System memory in use before: 90.6 MB.
System memory in use after: 90.3 MB.

Unloading 18 unused Assets to reduce memory usage. Loaded Objects now: 2343.
Total: 3.327200 ms (FindLiveObjects: 0.411300 ms CreateObjectMapping: 0.100600 ms MarkObjects: 2.482500 ms  DeleteObjects: 0.330900 ms)

========================================================================
Received Prepare
Registering precompiled user dll's ...
Registered in 0.001791 seconds.
Begin MonoManager ReloadAssembly
Native extension for WindowsStandalone target not found
Refreshing native plugins compatible for Editor in 0.44 ms, found 1 plugins.
Preloading 0 native plugins for Editor in 0.00 ms.
Invoked RoslynAnalysisRunner static constructor.
RoslynAnalysisRunner will not be running.
RoslynAnalysisRunner has terminated.
Mono: successfully reloaded assembly
- Completed reload, in  0.925 seconds
Platform modules already initialized, skipping
Refreshing native plugins compatible for Editor in 1.00 ms, found 1 plugins.
Preloading 0 native plugins for Editor in 0.00 ms.
Unloading 1802 Unused Serialized files (Serialized files now loaded: 0)
System memory in use before: 90.7 MB.
System memory in use after: 90.4 MB.

Unloading 18 unused Assets to reduce memory usage. Loaded Objects now: 2346.
Total: 3.029800 ms (FindLiveObjects: 0.226500 ms CreateObjectMapping: 0.055500 ms MarkObjects: 2.418000 ms  DeleteObjects: 0.328600 ms)

========================================================================
Received Prepare
Registering precompiled user dll's ...
Registered in 0.001117 seconds.
Begin MonoManager ReloadAssembly
Native extension for WindowsStandalone target not found
Refreshing native plugins compatible for Editor in 0.38 ms, found 1 plugins.
Preloading 0 native plugins for Editor in 0.00 ms.
Invoked RoslynAnalysisRunner static constructor.
RoslynAnalysisRunner will not be running.
RoslynAnalysisRunner has terminated.
Mono: successfully reloaded assembly
- Completed reload, in  0.824 seconds
Platform modules already initialized, skipping
Refreshing native plugins compatible for Editor in 0.34 ms, found 1 plugins.
Preloading 0 native plugins for Editor in 0.00 ms.
Unloading 1802 Unused Serialized files (Serialized files now loaded: 0)
System memory in use before: 90.8 MB.
System memory in use after: 90.5 MB.

Unloading 18 unused Assets to reduce memory usage. Loaded Objects now: 2349.
Total: 2.857900 ms (FindLiveObjects: 0.269300 ms CreateObjectMapping: 0.116600 ms MarkObjects: 2.109500 ms  DeleteObjects: 0.361100 ms)

========================================================================
Received Import Request.
  Time since last request: 3627.685321 seconds.
  path: Assets/Animations/Transition.controller
  artifactKey: Guid(510cbcda88ba8fb408b811495a58f47e) Importer(815301076,1909f56bfc062723c751e8b465ee728b)
Start importing Assets/Animations/Transition.controller using Guid(510cbcda88ba8fb408b811495a58f47e) Importer(815301076,1909f56bfc062723c751e8b465ee728b)  -> (artifact id: 'c5b060a6e334f13588a09d6a89b2d08b') in 0.081226 seconds
  Import took 0.108266 seconds .

========================================================================
Received Prepare
Registering precompiled user dll's ...
Registered in 0.001178 seconds.
Begin MonoManager ReloadAssembly
Native extension for WindowsStandalone target not found
Refreshing native plugins compatible for Editor in 0.49 ms, found 1 plugins.
Preloading 0 native plugins for Editor in 0.00 ms.
Invoked RoslynAnalysisRunner static constructor.
RoslynAnalysisRunner will not be running.
RoslynAnalysisRunner has terminated.
Mono: successfully reloaded assembly
- Completed reload, in  0.903 seconds
Platform modules already initialized, skipping
Refreshing native plugins compatible for Editor in 0.36 ms, found 1 plugins.
Preloading 0 native plugins for Editor in 0.00 ms.
Unloading 1802 Unused Serialized files (Serialized files now loaded: 0)
System memory in use before: 91.0 MB.
System memory in use after: 90.6 MB.

Unloading 18 unused Assets to reduce memory usage. Loaded Objects now: 2352.
Total: 3.423200 ms (FindLiveObjects: 0.190700 ms CreateObjectMapping: 0.053300 ms MarkObjects: 2.860000 ms  DeleteObjects: 0.317700 ms)

========================================================================
Received Prepare
Registering precompiled user dll's ...
Registered in 0.001062 seconds.
Begin MonoManager ReloadAssembly
Native extension for WindowsStandalone target not found
Refreshing native plugins compatible for Editor in 0.49 ms, found 1 plugins.
Preloading 0 native plugins for Editor in 0.00 ms.
Invoked RoslynAnalysisRunner static constructor.
RoslynAnalysisRunner will not be running.
RoslynAnalysisRunner has terminated.
Mono: successfully reloaded assembly
- Completed reload, in  0.879 seconds
Platform modules already initialized, skipping
Refreshing native plugins compatible for Editor in 0.38 ms, found 1 plugins.
Preloading 0 native plugins for Editor in 0.00 ms.
Unloading 1802 Unused Serialized files (Serialized files now loaded: 0)
System memory in use before: 91.1 MB.
System memory in use after: 90.7 MB.

Unloading 18 unused Assets to reduce memory usage. Loaded Objects now: 2355.
Total: 2.718000 ms (FindLiveObjects: 0.237200 ms CreateObjectMapping: 0.057000 ms MarkObjects: 2.084100 ms  DeleteObjects: 0.338300 ms)

========================================================================
Received Import Request.
  Time since last request: 874.133223 seconds.
  path: Assets/SFX
  artifactKey: Guid(437ec8881bfe9e04881403acf51ae51e) Importer(815301076,1909f56bfc062723c751e8b465ee728b)
Start importing Assets/SFX using Guid(437ec8881bfe9e04881403acf51ae51e) Importer(815301076,1909f56bfc062723c751e8b465ee728b)  -> (artifact id: '4e27d32882be669175086b0f0cb007d2') in 0.013979 seconds
  Import took 0.060086 seconds .

========================================================================
Received Import Request.
  Time since last request: 11.608799 seconds.
  path: Assets/SFX/522298__defelozedd94__crickets-at-night-clean-sound.wav
  artifactKey: Guid(241e70130c5f57d41baec00aa710e727) Importer(815301076,1909f56bfc062723c751e8b465ee728b)
Start importing Assets/SFX/522298__defelozedd94__crickets-at-night-clean-sound.wav using Guid(241e70130c5f57d41baec00aa710e727) Importer(815301076,1909f56bfc062723c751e8b465ee728b)  -> (artifact id: '5e16eed39d7a47cf6b75ce80eba58791') in 0.304896 seconds
  Import took 0.345581 seconds .

========================================================================
Received Prepare
Registering precompiled user dll's ...
Registered in 0.001346 seconds.
Begin MonoManager ReloadAssembly
Native extension for WindowsStandalone target not found
Refreshing native plugins compatible for Editor in 0.54 ms, found 1 plugins.
Preloading 0 native plugins for Editor in 0.00 ms.
Invoked RoslynAnalysisRunner static constructor.
RoslynAnalysisRunner will not be running.
RoslynAnalysisRunner has terminated.
Mono: successfully reloaded assembly
- Completed reload, in  1.019 seconds
Platform modules already initialized, skipping
Refreshing native plugins compatible for Editor in 0.76 ms, found 1 plugins.
Preloading 0 native plugins for Editor in 0.00 ms.
Unloading 1802 Unused Serialized files (Serialized files now loaded: 0)
System memory in use before: 91.2 MB.
System memory in use after: 90.8 MB.

Unloading 18 unused Assets to reduce memory usage. Loaded Objects now: 2361.
Total: 7.215300 ms (FindLiveObjects: 0.810000 ms CreateObjectMapping: 0.737900 ms MarkObjects: 4.981600 ms  DeleteObjects: 0.682200 ms)

========================================================================
Received Import Request.
  Time since last request: 131.071802 seconds.
  path: Assets/SFX/539581__rico-casazza__park-with-children-playing.wav
  artifactKey: Guid(b401481b62406df44b1af4d0a85f3cda) Importer(815301076,1909f56bfc062723c751e8b465ee728b)
Start importing Assets/SFX/539581__rico-casazza__park-with-children-playing.wav using Guid(b401481b62406df44b1af4d0a85f3cda) Importer(815301076,1909f56bfc062723c751e8b465ee728b)  -> (artifact id: '615b8cfbe6641bf6e7493eeab58e9626') in 0.046441 seconds
  Import took 0.091096 seconds .

========================================================================
Received Import Request.
  Time since last request: 5.366863 seconds.
  path: Assets/Scenes/DayTime.unity
  artifactKey: Guid(edc9320e4a5170a4aba9b874ee332155) Importer(815301076,1909f56bfc062723c751e8b465ee728b)
Start importing Assets/Scenes/DayTime.unity using Guid(edc9320e4a5170a4aba9b874ee332155) Importer(815301076,1909f56bfc062723c751e8b465ee728b)  -> (artifact id: 'fdf964949d330f112f3505f09147cb5e') in 0.016048 seconds
  Import took 0.020677 seconds .

========================================================================
Received Prepare
Registering precompiled user dll's ...
Registered in 0.001064 seconds.
Begin MonoManager ReloadAssembly
Native extension for WindowsStandalone target not found
Refreshing native plugins compatible for Editor in 0.72 ms, found 1 plugins.
Preloading 0 native plugins for Editor in 0.00 ms.
Invoked RoslynAnalysisRunner static constructor.
RoslynAnalysisRunner will not be running.
RoslynAnalysisRunner has terminated.
Mono: successfully reloaded assembly
- Completed reload, in  1.262 seconds
Platform modules already initialized, skipping
Refreshing native plugins compatible for Editor in 0.67 ms, found 1 plugins.
Preloading 0 native plugins for Editor in 0.00 ms.
Unloading 1802 Unused Serialized files (Serialized files now loaded: 0)
System memory in use before: 91.3 MB.
System memory in use after: 90.9 MB.

Unloading 18 unused Assets to reduce memory usage. Loaded Objects now: 2365.
Total: 3.707700 ms (FindLiveObjects: 0.367500 ms CreateObjectMapping: 0.113000 ms MarkObjects: 2.733700 ms  DeleteObjects: 0.491400 ms)

========================================================================
Received Prepare
Registering precompiled user dll's ...
Registered in 0.001165 seconds.
Begin MonoManager ReloadAssembly
Native extension for WindowsStandalone target not found
Refreshing native plugins compatible for Editor in 0.67 ms, found 1 plugins.
Preloading 0 native plugins for Editor in 0.00 ms.
Invoked RoslynAnalysisRunner static constructor.
RoslynAnalysisRunner will not be running.
RoslynAnalysisRunner has terminated.
Mono: successfully reloaded assembly
- Completed reload, in  2.311 seconds
Platform modules already initialized, skipping
Refreshing native plugins compatible for Editor in 0.49 ms, found 1 plugins.
Preloading 0 native plugins for Editor in 0.00 ms.
Unloading 1802 Unused Serialized files (Serialized files now loaded: 0)
System memory in use before: 90.4 MB.
System memory in use after: 90.1 MB.

Unloading 18 unused Assets to reduce memory usage. Loaded Objects now: 2368.
Total: 6.301800 ms (FindLiveObjects: 1.202700 ms CreateObjectMapping: 0.330800 ms MarkObjects: 4.343500 ms  DeleteObjects: 0.418400 ms)

========================================================================
Received Prepare
Registering precompiled user dll's ...
Registered in 0.001093 seconds.
Begin MonoManager ReloadAssembly
Native extension for WindowsStandalone target not found
Refreshing native plugins compatible for Editor in 0.35 ms, found 1 plugins.
Preloading 0 native plugins for Editor in 0.00 ms.
Invoked RoslynAnalysisRunner static constructor.
RoslynAnalysisRunner will not be running.
RoslynAnalysisRunner has terminated.
Mono: successfully reloaded assembly
- Completed reload, in  0.893 seconds
Platform modules already initialized, skipping
Refreshing native plugins compatible for Editor in 0.38 ms, found 1 plugins.
Preloading 0 native plugins for Editor in 0.00 ms.
Unloading 1802 Unused Serialized files (Serialized files now loaded: 0)
System memory in use before: 90.5 MB.
System memory in use after: 90.2 MB.

Unloading 18 unused Assets to reduce memory usage. Loaded Objects now: 2371.
Total: 3.556000 ms (FindLiveObjects: 0.198900 ms CreateObjectMapping: 0.054400 ms MarkObjects: 3.004300 ms  DeleteObjects: 0.297400 ms)

========================================================================
Received Import Request.
  Time since last request: 480.368969 seconds.
  path: Assets/Sprites/lostit.png
  artifactKey: Guid(b215a44db7eaaa0478071bafdb15479d) Importer(815301076,1909f56bfc062723c751e8b465ee728b)
Start importing Assets/Sprites/lostit.png using Guid(b215a44db7eaaa0478071bafdb15479d) Importer(815301076,1909f56bfc062723c751e8b465ee728b)  -> (artifact id: 'd69a43f3ba5b5581ffa5636d661aeae9') in 0.108068 seconds
  Import took 0.114445 seconds .

========================================================================
Received Import Request.
  Time since last request: 12.809458 seconds.
  path: Assets/Sprites/lostit.png
  artifactKey: Guid(b215a44db7eaaa0478071bafdb15479d) Importer(815301076,1909f56bfc062723c751e8b465ee728b)
Start importing Assets/Sprites/lostit.png using Guid(b215a44db7eaaa0478071bafdb15479d) Importer(815301076,1909f56bfc062723c751e8b465ee728b)  -> (artifact id: '6ac2dda752efc6c976062ac4ea7a3af4') in 0.020522 seconds
  Import took 0.054506 seconds .

========================================================================
Received Prepare
Refreshing native plugins compatible for Editor in 2.47 ms, found 1 plugins.
Preloading 0 native plugins for Editor in 0.00 ms.
Unloading 16 Unused Serialized files (Serialized files now loaded: 0)
System memory in use before: 55.4 MB.
System memory in use after: 55.1 MB.

Unloading 16 unused Assets to reduce memory usage. Loaded Objects now: 2372.
Total: 4.270000 ms (FindLiveObjects: 0.319700 ms CreateObjectMapping: 0.108900 ms MarkObjects: 3.557000 ms  DeleteObjects: 0.282800 ms)

========================================================================
Received Import Request.
  Time since last request: 234.267938 seconds.
  path: Assets/Scenes/DayTime.unity
  artifactKey: Guid(edc9320e4a5170a4aba9b874ee332155) Importer(815301076,1909f56bfc062723c751e8b465ee728b)
Start importing Assets/Scenes/DayTime.unity using Guid(edc9320e4a5170a4aba9b874ee332155) Importer(815301076,1909f56bfc062723c751e8b465ee728b)  -> (artifact id: 'e7a7cf74c07c02a0c51973e26ca8b767') in 0.003946 seconds
  Import took 0.069333 seconds .

========================================================================
Received Prepare
Refreshing native plugins compatible for Editor in 2.13 ms, found 1 plugins.
Preloading 0 native plugins for Editor in 0.00 ms.
Unloading 16 Unused Serialized files (Serialized files now loaded: 0)
System memory in use before: 55.5 MB.
System memory in use after: 55.2 MB.

Unloading 16 unused Assets to reduce memory usage. Loaded Objects now: 2372.
Total: 4.115500 ms (FindLiveObjects: 0.219100 ms CreateObjectMapping: 0.118300 ms MarkObjects: 3.471500 ms  DeleteObjects: 0.304400 ms)

========================================================================
Received Import Request.
  Time since last request: 309.784078 seconds.
  path: Assets/Scenes/Menu.unity
  artifactKey: Guid(ad6d81553e03bee4a97770b1d031bd27) Importer(815301076,1909f56bfc062723c751e8b465ee728b)
Start importing Assets/Scenes/Menu.unity using Guid(ad6d81553e03bee4a97770b1d031bd27) Importer(815301076,1909f56bfc062723c751e8b465ee728b)  -> (artifact id: '4d57ab95600dec67d4d85490c560b257') in 0.003494 seconds
  Import took 0.028455 seconds .

========================================================================
Received Prepare
Refreshing native plugins compatible for Editor in 1.97 ms, found 1 plugins.
Preloading 0 native plugins for Editor in 0.00 ms.
Unloading 16 Unused Serialized files (Serialized files now loaded: 0)
System memory in use before: 55.6 MB.
System memory in use after: 55.3 MB.

Unloading 16 unused Assets to reduce memory usage. Loaded Objects now: 2372.
Total: 8.406800 ms (FindLiveObjects: 0.844600 ms CreateObjectMapping: 0.272500 ms MarkObjects: 6.690700 ms  DeleteObjects: 0.593200 ms)

========================================================================
Received Prepare
Registering precompiled user dll's ...
Registered in 0.001117 seconds.
Begin MonoManager ReloadAssembly
Native extension for WindowsStandalone target not found
Refreshing native plugins compatible for Editor in 0.53 ms, found 1 plugins.
Preloading 0 native plugins for Editor in 0.00 ms.
Invoked RoslynAnalysisRunner static constructor.
RoslynAnalysisRunner will not be running.
RoslynAnalysisRunner has terminated.
Mono: successfully reloaded assembly
- Completed reload, in  0.910 seconds
Platform modules already initialized, skipping
Refreshing native plugins compatible for Editor in 0.44 ms, found 1 plugins.
Preloading 0 native plugins for Editor in 0.00 ms.
Unloading 1802 Unused Serialized files (Serialized files now loaded: 0)
System memory in use before: 90.9 MB.
System memory in use after: 90.6 MB.

Unloading 18 unused Assets to reduce memory usage. Loaded Objects now: 2375.
Total: 42.255500 ms (FindLiveObjects: 0.210000 ms CreateObjectMapping: 0.060700 ms MarkObjects: 40.700200 ms  DeleteObjects: 1.282100 ms)

========================================================================
Received Prepare
Refreshing native plugins compatible for Editor in 2.03 ms, found 1 plugins.
Preloading 0 native plugins for Editor in 0.00 ms.
Unloading 16 Unused Serialized files (Serialized files now loaded: 0)
System memory in use before: 55.8 MB.
System memory in use after: 55.4 MB.

Unloading 16 unused Assets to reduce memory usage. Loaded Objects now: 2375.
Total: 3.204900 ms (FindLiveObjects: 0.227000 ms CreateObjectMapping: 0.121000 ms MarkObjects: 2.519600 ms  DeleteObjects: 0.336100 ms)

AssetImportWorkerClient::OnTransportError - code=2 error=End of file
